<?xml version="1.0" encoding="utf-8"?><testsuites name="pytest tests"><testsuite name="pytest" errors="0" failures="0" skipped="0" tests="5" time="0.314" timestamp="2026-03-24T12:27:05.755025+05:30" hostname="Ruhunnisa"><testcase classname="tests.test_app" name="test_home_page" time="0.021" /><testcase classname="tests.test_app" name="test_donors_page" time="0.008" /><testcase classname="tests.test_app" name="test_register_page" time="0.005" /><testcase classname="tests.test_app" name="test_request_page" time="0.004" /><testcase classname="tests.test_app" name="test_register_donor" time="0.004" /></testsuite></testsuites>